Build started 5/17/2014 11:01:59 PM.
     1>Project "C:\Users\Cailin\git\bitmapVectorization\BitmapVectorization\BitmapVectorization\BitmapVectorization.vcxproj" on node 2 (Build target(s)).
     1>InitializeBuildStatus:
         Creating "Debug\BitmapVectorization.unsuccessfulbuild" because "AlwaysCreate" was specified.
       ClCompile:
         C:\Program Files (x86)\Microsoft Visual Studio 11.0\VC\bin\CL.exe /c /ZI /nologo /W3 /WX- /sdl /Od /Oy- /D WIN32 /D _DEBUG /D _CONSOLE /D _UNICODE /D UNICODE /Gm /EHsc /RTC1 /MDd /GS /fp:precise /Zc:wchar_t /Zc:forScope /Fo"Debug\\" /Fd"Debug\vc110.pdb" /Gd /TP /analyze- /errorReport:prompt Graph.cpp
         Graph.cpp
       Link:
         C:\Program Files (x86)\Microsoft Visual Studio 11.0\VC\bin\link.exe /ERRORREPORT:PROMPT /OUT:"C:\Users\Cailin\git\bitmapVectorization\BitmapVectorization\Debug\BitmapVectorization.exe" /INCREMENTAL /NOLOGO kernel32.lib user32.lib gdi32.lib winspool.lib comdlg32.lib advapi32.lib shell32.lib ole32.lib oleaut32.lib uuid.lib odbc32.lib odbccp32.lib /MANIFEST /MANIFESTUAC:"level='asInvoker' uiAccess='false'" /manifest:embed /DEBUG /PDB:"C:\Users\Cailin\git\bitmapVectorization\BitmapVectorization\Debug\BitmapVectorization.pdb" /SUBSYSTEM:CONSOLE /TLBID:1 /DYNAMICBASE /NXCOMPAT /IMPLIB:"C:\Users\Cailin\git\bitmapVectorization\BitmapVectorization\Debug\BitmapVectorization.lib" /MACHINE:X86 Debug\Color.obj
         Debug\Graph.obj
         Debug\ImageLoader.obj
         Debug\Node.obj
         Debug\Coordinate.obj
         Debug\RawImage.obj
         Debug\Source.obj
         BitmapVectorization.vcxproj -> C:\Users\Cailin\git\bitmapVectorization\BitmapVectorization\Debug\BitmapVectorization.exe
       FinalizeBuildStatus:
         Deleting file "Debug\BitmapVectorization.unsuccessfulbuild".
         Touching "Debug\BitmapVectorization.lastbuildstate".
     1>Done Building Project "C:\Users\Cailin\git\bitmapVectorization\BitmapVectorization\BitmapVectorization\BitmapVectorization.vcxproj" (Build target(s)).

Build succeeded.

Time Elapsed 00:00:02.34
