C:\USERS\REUBEN BRENNER-ADAMS\DOCUMENTS\GITHUB\BITMAPVECTORIZATION\BITMAPVECTORIZATION\BITMAPVECTORIZATION\DEBUG\SOURCE.OBJ
C:\USERS\REUBEN BRENNER-ADAMS\DOCUMENTS\GITHUB\BITMAPVECTORIZATION\BITMAPVECTORIZATION\BITMAPVECTORIZATION\DEBUG\VC110.PDB
C:\USERS\WOOFFULL\DOCUMENTS\GITHUB\BITMAPVECTORIZATION\BITMAPVECTORIZATION\BITMAPVECTORIZATION\DEBUG\COLOR.OBJ
C:\USERS\WOOFFULL\DOCUMENTS\GITHUB\BITMAPVECTORIZATION\BITMAPVECTORIZATION\BITMAPVECTORIZATION\DEBUG\SOURCE.OBJ
C:\USERS\WOOFFULL\DOCUMENTS\GITHUB\BITMAPVECTORIZATION\BITMAPVECTORIZATION\BITMAPVECTORIZATION\DEBUG\VC110.PDB
C:\USERS\REUBEN BRENNER-ADAMS\DOCUMENTS\GITHUB\BITMAPVECTORIZATION\BITMAPVECTORIZATION\DEBUG\BITMAPVECTORIZATION.ILK
C:\USERS\REUBEN BRENNER-ADAMS\DOCUMENTS\GITHUB\BITMAPVECTORIZATION\BITMAPVECTORIZATION\DEBUG\BITMAPVECTORIZATION.EXE
C:\USERS\REUBEN BRENNER-ADAMS\DOCUMENTS\GITHUB\BITMAPVECTORIZATION\BITMAPVECTORIZATION\DEBUG\BITMAPVECTORIZATION.PDB
C:\Users\Wooffull\Documents\GitHub\bitmapVectorization\BitmapVectorization\BitmapVectorization\Debug\Color.obj
C:\Users\Wooffull\Documents\GitHub\bitmapVectorization\BitmapVectorization\BitmapVectorization\Debug\Source.obj
C:\Users\Wooffull\Documents\GitHub\bitmapVectorization\BitmapVectorization\BitmapVectorization\Debug\cl.command.1.tlog
C:\Users\Wooffull\Documents\GitHub\bitmapVectorization\BitmapVectorization\BitmapVectorization\Debug\CL.read.1.tlog
C:\Users\Wooffull\Documents\GitHub\bitmapVectorization\BitmapVectorization\BitmapVectorization\Debug\CL.write.1.tlog
C:\Users\Wooffull\Documents\GitHub\bitmapVectorization\BitmapVectorization\BitmapVectorization\Debug\link-cvtres.read.1.tlog
C:\Users\Wooffull\Documents\GitHub\bitmapVectorization\BitmapVectorization\BitmapVectorization\Debug\link-cvtres.write.1.tlog
C:\Users\Wooffull\Documents\GitHub\bitmapVectorization\BitmapVectorization\BitmapVectorization\Debug\link-rc.read.1.tlog
C:\Users\Wooffull\Documents\GitHub\bitmapVectorization\BitmapVectorization\BitmapVectorization\Debug\link-rc.write.1.tlog
C:\Users\Wooffull\Documents\GitHub\bitmapVectorization\BitmapVectorization\BitmapVectorization\Debug\link.command.1.tlog
C:\Users\Wooffull\Documents\GitHub\bitmapVectorization\BitmapVectorization\BitmapVectorization\Debug\link.read.1.tlog
C:\Users\Wooffull\Documents\GitHub\bitmapVectorization\BitmapVectorization\BitmapVectorization\Debug\link.write.1.tlog
C:\Users\Wooffull\Documents\GitHub\bitmapVectorization\BitmapVectorization\BitmapVectorization\Debug\vc110.idb
C:\Users\Wooffull\Documents\GitHub\bitmapVectorization\BitmapVectorization\BitmapVectorization\Debug\vc110.pdb
C:\Users\Wooffull\Documents\GitHub\bitmapVectorization\BitmapVectorization\Debug\BitmapVectorization.pdb
C:\Users\Wooffull\Documents\GitHub\bitmapVectorization\BitmapVectorization\Debug\BitmapVectorization.exe
C:\Users\Wooffull\Documents\GitHub\bitmapVectorization\BitmapVectorization\Debug\BitmapVectorization.ilk
